Using pre-set license
Built from '2020.3/staging' branch; Version is '2020.3.22f1 (e1a7f79fd887) revision 14788599'; Using compiler version '192528614'; Build Type 'Release'
OS: 'Windows 10 Home; OS build 19042.1348; Version 2009; 64bit' Language: 'en' Physical Memory: 16303 MB
BatchMode: 1, IsHumanControllingUs: 0, StartBugReporterOnCrash: 0, Is64bit: 1, IsPro: 0

COMMAND LINE ARGUMENTS:
C:\Program Files\Unity\Hub\Editor\2020.3.22f1\Editor\Unity.exe
-adb2
-batchMode
-noUpm
-name
AssetImportWorker0
-projectPath
F:/Users/tgros/Documents/GitHub/CMB
-logFile
Logs/AssetImportWorker0.log
-srvPort
63885
Successfully changed project path to: F:/Users/tgros/Documents/GitHub/CMB
F:/Users/tgros/Documents/GitHub/CMB
Using Asset Import Pipeline V2.
Refreshing native plugins compatible for Editor in 48.62 ms, found 2 plugins.
Preloading 0 native plugins for Editor in 0.00 ms.
Initialize engine version: 2020.3.22f1 (e1a7f79fd887)
[Subsystems] Discovering subsystems at path C:/Program Files/Unity/Hub/Editor/2020.3.22f1/Editor/Data/Resources/UnitySubsystems
[Subsystems] Discovering subsystems at path F:/Users/tgros/Documents/GitHub/CMB/Assets
GfxDevice: creating device client; threaded=0
Direct3D:
    Version:  Direct3D 11.0 [level 11.1]
    Renderer: NVIDIA GeForce RTX 2060 SUPER (ID=0x1f06)
    Vendor:   
    VRAM:     8031 MB
    Driver:   30.0.14.9649
Initialize mono
Mono path[0] = 'C:/Program Files/Unity/Hub/Editor/2020.3.22f1/Editor/Data/Managed'
Mono path[1] = 'C:/Program Files/Unity/Hub/Editor/2020.3.22f1/Editor/Data/MonoBleedingEdge/lib/mono/unityjit'
Mono config path = 'C:/Program Files/Unity/Hub/Editor/2020.3.22f1/Editor/Data/MonoBleedingEdge/etc'
Using monoOptions --debugger-agent=transport=dt_socket,embedding=1,server=y,suspend=n,address=127.0.0.1:56992
Begin MonoManager ReloadAssembly
Registering precompiled unity dll's ...
Register platform support module: C:/Program Files/Unity/Hub/Editor/2020.3.22f1/Editor/Data/PlaybackEngines/WindowsStandaloneSupport/UnityEditor.WindowsStandalone.Extensions.dll
Registered in 0.001579 seconds.
Native extension for WindowsStandalone target not found
Refreshing native plugins compatible for Editor in 47.12 ms, found 2 plugins.
Preloading 0 native plugins for Editor in 0.00 ms.
Mono: successfully reloaded assembly
- Completed reload, in  1.040 seconds
Domain Reload Profiling:
	ReloadAssembly (1041ms)
		BeginReloadAssembly (48ms)
			ExecutionOrderSort (0ms)
			DisableScriptedObjects (0ms)
			BackupInstance (0ms)
			ReleaseScriptingObjects (0ms)
			CreateAndSetChildDomain (1ms)
		EndReloadAssembly (422ms)
			LoadAssemblies (46ms)
			RebuildTransferFunctionScriptingTraits (0ms)
			SetupTypeCache (135ms)
			ReleaseScriptCaches (0ms)
			RebuildScriptCaches (33ms)
			SetupLoadedEditorAssemblies (168ms)
				LogAssemblyErrors (0ms)
				InitializePlatformSupportModulesInManaged (4ms)
				SetLoadedEditorAssemblies (0ms)
				RefreshPlugins (47ms)
				BeforeProcessingInitializeOnLoad (12ms)
				ProcessInitializeOnLoadAttributes (78ms)
				ProcessInitializeOnLoadMethodAttributes (26ms)
				AfterProcessingInitializeOnLoad (0ms)
				EditorAssembliesLoaded (0ms)
			ExecutionOrderSort2 (0ms)
			AwakeInstancesAfterBackupRestoration (0ms)
Platform modules already initialized, skipping
Registering precompiled user dll's ...
Registered in 0.003499 seconds.
ASSEMBLY OVERRIDES: * override found for Unity assembly UnityEngine.UIElementsModule.dll (override path Library/ScriptAssemblies/UnityEngine.UIElementsModule.dll)
ASSEMBLY OVERRIDES: * override found for Unity assembly UnityEditor.UIElementsModule.dll (override path Library/ScriptAssemblies/UnityEditor.UIElementsModule.dll)
Begin MonoManager ReloadAssembly
ASSEMBLY OVERRIDES: * override found for Unity assembly UnityEngine.UIElementsModule.dll (override path Library/ScriptAssemblies/UnityEngine.UIElementsModule.dll)
ASSEMBLY OVERRIDES: * override found for Unity assembly UnityEditor.UIElementsModule.dll (override path Library/ScriptAssemblies/UnityEditor.UIElementsModule.dll)
Symbol file LoadedFromMemory is not a mono symbol file
Native extension for WindowsStandalone target not found
Refreshing native plugins compatible for Editor in 49.06 ms, found 2 plugins.
Preloading 0 native plugins for Editor in 0.00 ms.
ASSEMBLY OVERRIDES: * override found for Unity assembly UnityEngine.UIElementsModule.dll (override path Library/ScriptAssemblies/UnityEngine.UIElementsModule.dll)
ASSEMBLY OVERRIDES: * override found for Unity assembly UnityEditor.UIElementsModule.dll (override path Library/ScriptAssemblies/UnityEditor.UIElementsModule.dll)
ASSEMBLY OVERRIDES: * override found for Unity assembly UnityEngine.UIElementsModule.dll (override path Library/ScriptAssemblies/UnityEngine.UIElementsModule.dll)
ASSEMBLY OVERRIDES: * override found for Unity assembly UnityEditor.UIElementsModule.dll (override path Library/ScriptAssemblies/UnityEditor.UIElementsModule.dll)
Mono: successfully reloaded assembly
- Completed reload, in  1.041 seconds
Domain Reload Profiling:
	ReloadAssembly (1041ms)
		BeginReloadAssembly (128ms)
			ExecutionOrderSort (0ms)
			DisableScriptedObjects (4ms)
			BackupInstance (0ms)
			ReleaseScriptingObjects (0ms)
			CreateAndSetChildDomain (16ms)
		EndReloadAssembly (855ms)
			LoadAssemblies (75ms)
			RebuildTransferFunctionScriptingTraits (0ms)
			SetupTypeCache (251ms)
			ReleaseScriptCaches (1ms)
			RebuildScriptCaches (49ms)
			SetupLoadedEditorAssemblies (372ms)
				LogAssemblyErrors (0ms)
				InitializePlatformSupportModulesInManaged (4ms)
				SetLoadedEditorAssemblies (0ms)
				RefreshPlugins (49ms)
				BeforeProcessingInitializeOnLoad (73ms)
				ProcessInitializeOnLoadAttributes (198ms)
				ProcessInitializeOnLoadMethodAttributes (43ms)
				AfterProcessingInitializeOnLoad (5ms)
				EditorAssembliesLoaded (0ms)
			ExecutionOrderSort2 (0ms)
			AwakeInstancesAfterBackupRestoration (6ms)
Platform modules already initialized, skipping
========================================================================
Worker process is ready to serve import requests
Launched and connected shader compiler UnityShaderCompiler.exe after 0.06 seconds
Refreshing native plugins compatible for Editor in 0.99 ms, found 2 plugins.
Preloading 0 native plugins for Editor in 0.00 ms.
Unloading 2305 Unused Serialized files (Serialized files now loaded: 0)
System memory in use before: 100.8 MB.
System memory in use after: 101.0 MB.

Unloading 110 unused Assets to reduce memory usage. Loaded Objects now: 2647.
Total: 4.060100 ms (FindLiveObjects: 0.245600 ms CreateObjectMapping: 0.112000 ms MarkObjects: 3.259900 ms  DeleteObjects: 0.440800 ms)

AssetImportParameters requested are different than current active one (requested -> active):
  custom:framework-win-MediaFoundation: 216162199b28c13a410421893ffa2e32 -> 
  custom:video-decoder-ogg-theora: a1e56fd34408186e4bbccfd4996cb3dc -> 
  custom:container-muxer-webm: aa71ff27fc2769a1b78a27578f13a17b -> 
  custom:container-demuxer-webm: 4f35f7cbe854078d1ac9338744f61a02 -> 
  custom:container-demuxer-ogg: 62fdf1f143b41e24485cea50d1cbac27 -> 
  custom:video-encoder-webm-vp8: eb34c28f22e8b96e1ab97ce403110664 -> 
  custom:video-decoder-webm-vp8: 9c59270c3fd7afecdb556c50c9e8de78 -> 
  custom:audio-decoder-ogg-vorbis: bf7c407c2cedff20999df2af8eb42d56 -> 
  custom:audio-encoder-webm-vorbis: bf7c407c2cedff20999df2af8eb42d56 -> 
========================================================================
Received Import Request.
  path: Assets/UI
  artifactKey: Guid(97e56a99a1d29554cbc7f1cedd59e0b2) Importer(815301076,1909f56bfc062723c751e8b465ee728b)
Start importing Assets/UI using Guid(97e56a99a1d29554cbc7f1cedd59e0b2) Importer(815301076,1909f56bfc062723c751e8b465ee728b)  -> (artifact id: 'b2254b05cd44db154fb5d75d1cbb3a88') in 0.007955 seconds 
  Import took 0.011907 seconds .

========================================================================
Received Import Request.
  Time since last request: 19.971937 seconds.
  path: Assets/UI Toolkit/PanelSettings.asset
  artifactKey: Guid(c8f7dff26b7183444b91859cbcfb4038) Importer(815301076,1909f56bfc062723c751e8b465ee728b)
Start importing Assets/UI Toolkit/PanelSettings.asset using Guid(c8f7dff26b7183444b91859cbcfb4038) Importer(815301076,1909f56bfc062723c751e8b465ee728b)  -> (artifact id: 'db251f73b37d8f98c32f4900a68d384e') in 0.035170 seconds 
  Import took 0.038613 seconds .

========================================================================
Received Import Request.
  Time since last request: 141.003280 seconds.
  path: Assets/UI/TestUIDOc.uxml
  artifactKey: Guid(b42d5a30a3a827346bb91d08eb78a876) Importer(815301076,1909f56bfc062723c751e8b465ee728b)
Start importing Assets/UI/TestUIDOc.uxml using Guid(b42d5a30a3a827346bb91d08eb78a876) Importer(815301076,1909f56bfc062723c751e8b465ee728b)  -> (artifact id: '3b915b873cdd72115dea865a74b3f426') in 0.011889 seconds 
  Import took 0.015822 seconds .

========================================================================
Received Import Request.
  Time since last request: 7.650357 seconds.
  path: Assets/UI/TestUIDoc.uxml
  artifactKey: Guid(b42d5a30a3a827346bb91d08eb78a876) Importer(815301076,1909f56bfc062723c751e8b465ee728b)
Start importing Assets/UI/TestUIDoc.uxml using Guid(b42d5a30a3a827346bb91d08eb78a876) Importer(815301076,1909f56bfc062723c751e8b465ee728b)  -> (artifact id: '043d154ed5b6e2a14fb2e8b311107cf1') in 0.005668 seconds 
  Import took 0.008911 seconds .

========================================================================
Received Import Request.
  Time since last request: 213.783096 seconds.
  path: Assets/TextMesh Pro/Examples & Extras/Resources/Fonts & Materials/Anton SDF.asset
  artifactKey: Guid(8a89fa14b10d46a99122fd4f73fca9a2) Importer(815301076,1909f56bfc062723c751e8b465ee728b)
Start importing Assets/TextMesh Pro/Examples & Extras/Resources/Fonts & Materials/Anton SDF.asset using Guid(8a89fa14b10d46a99122fd4f73fca9a2) Importer(815301076,1909f56bfc062723c751e8b465ee728b)  -> (artifact id: 'e97a7743c58bbe5fd2cda5c448fe9dc9') in 0.124194 seconds 
  Import took 0.127826 seconds .

========================================================================
Received Import Request.
  Time since last request: 0.000158 seconds.
  path: Assets/Resources/logos/bulllogo.png
  artifactKey: Guid(ec0b5d8c91d128142bc282220f09341b) Importer(815301076,1909f56bfc062723c751e8b465ee728b)
Start importing Assets/Resources/logos/bulllogo.png using Guid(ec0b5d8c91d128142bc282220f09341b) Importer(815301076,1909f56bfc062723c751e8b465ee728b)  -> (artifact id: '9340c405f77f15c2fe892233b405f0ed') in 0.049571 seconds 
  Import took 0.052546 seconds .

========================================================================
Received Import Request.
  Time since last request: 0.000185 seconds.
  path: Assets/TextMesh Pro/Examples & Extras/Sprites/Default Sprites.png
  artifactKey: Guid(a0fc465d6cf04254a2938578735e2383) Importer(815301076,1909f56bfc062723c751e8b465ee728b)
Start importing Assets/TextMesh Pro/Examples & Extras/Sprites/Default Sprites.png using Guid(a0fc465d6cf04254a2938578735e2383) Importer(815301076,1909f56bfc062723c751e8b465ee728b)  -> (artifact id: '5e227b92e1acbc4ac2e80a93149bcb26') in 0.009874 seconds 
  Import took 0.012854 seconds .

========================================================================
Received Import Request.
  Time since last request: 0.000159 seconds.
  path: Assets/TextMesh Pro/Examples & Extras/Textures/Brushed Metal 3.jpg
  artifactKey: Guid(f88677df267a41d6be1e7a6133e7d227) Importer(815301076,1909f56bfc062723c751e8b465ee728b)
Start importing Assets/TextMesh Pro/Examples & Extras/Textures/Brushed Metal 3.jpg using Guid(f88677df267a41d6be1e7a6133e7d227) Importer(815301076,1909f56bfc062723c751e8b465ee728b)  -> (artifact id: 'ffe4fb34fb3a14af3ac4818fd459bf34') in 0.009874 seconds 
  Import took 0.012877 seconds .

========================================================================
Received Import Request.
  Time since last request: 0.000171 seconds.
  path: Assets/Resources/logos/dolphinslogo.png
  artifactKey: Guid(4abcf32046c44a545b2dcb84d9af50ee) Importer(815301076,1909f56bfc062723c751e8b465ee728b)
Start importing Assets/Resources/logos/dolphinslogo.png using Guid(4abcf32046c44a545b2dcb84d9af50ee) Importer(815301076,1909f56bfc062723c751e8b465ee728b)  -> (artifact id: '32beec9e55c96c24bc5742acd4d842c9') in 0.011885 seconds 
  Import took 0.015038 seconds .

========================================================================
Received Import Request.
  Time since last request: 0.000265 seconds.
  path: Assets/Resources/logos/donkeyslogo.png
  artifactKey: Guid(9e0b4193be0285d43a9ece6ede52d408) Importer(815301076,1909f56bfc062723c751e8b465ee728b)
Start importing Assets/Resources/logos/donkeyslogo.png using Guid(9e0b4193be0285d43a9ece6ede52d408) Importer(815301076,1909f56bfc062723c751e8b465ee728b)  -> (artifact id: 'd889d545c787910ca18a0397004deb14') in 0.013008 seconds 
  Import took 0.016344 seconds .

========================================================================
Received Import Request.
  Time since last request: 0.000186 seconds.
  path: Assets/Resources/logos/cowboylogo.png
  artifactKey: Guid(a612795629779e8439b75fbabf64447a) Importer(815301076,1909f56bfc062723c751e8b465ee728b)
Start importing Assets/Resources/logos/cowboylogo.png using Guid(a612795629779e8439b75fbabf64447a) Importer(815301076,1909f56bfc062723c751e8b465ee728b)  -> (artifact id: '0b84b0ddd251cc9e53daa0e2a7bf5101') in 0.015018 seconds 
  Import took 0.018675 seconds .

========================================================================
Received Import Request.
  Time since last request: 0.000140 seconds.
  path: Assets/UI Toolkit/UnityThemes/UnityDefaultRuntimeTheme.tss
  artifactKey: Guid(51f335d4d3e50864890acf6209095f44) Importer(815301076,1909f56bfc062723c751e8b465ee728b)
Start importing Assets/UI Toolkit/UnityThemes/UnityDefaultRuntimeTheme.tss using Guid(51f335d4d3e50864890acf6209095f44) Importer(815301076,1909f56bfc062723c751e8b465ee728b)  -> (artifact id: 'e12eb9341dbce1272a362342e2de3670') in 0.079546 seconds 
  Import took 0.083129 seconds .

========================================================================
Received Import Request.
  Time since last request: 0.000233 seconds.
  path: Assets/Simple UI/Samples/Background.png
  artifactKey: Guid(744b884f5ab1b4aefb7838eeec4d046a) Importer(815301076,1909f56bfc062723c751e8b465ee728b)
Start importing Assets/Simple UI/Samples/Background.png using Guid(744b884f5ab1b4aefb7838eeec4d046a) Importer(815301076,1909f56bfc062723c751e8b465ee728b)  -> (artifact id: '307122f0221fc10e29c688c4d1e74443') in 0.016339 seconds 
  Import took 0.020202 seconds .

========================================================================
Received Import Request.
  Time since last request: 0.000138 seconds.
  path: Assets/Resources/logos/bulldoglogo.png
  artifactKey: Guid(efbbbdca0d1d7fa4ab5bd37509d38dcf) Importer(815301076,1909f56bfc062723c751e8b465ee728b)
Start importing Assets/Resources/logos/bulldoglogo.png using Guid(efbbbdca0d1d7fa4ab5bd37509d38dcf) Importer(815301076,1909f56bfc062723c751e8b465ee728b)  -> (artifact id: 'e03443930a5c6d1c2532cce645110a03') in 0.015173 seconds 
  Import took 0.018577 seconds .

========================================================================
Received Import Request.
  Time since last request: 0.000157 seconds.
  path: Assets/Images/College Football.jpg
  artifactKey: Guid(496f4046877b69e47a0197ce5b5f4645) Importer(815301076,1909f56bfc062723c751e8b465ee728b)
Start importing Assets/Images/College Football.jpg using Guid(496f4046877b69e47a0197ce5b5f4645) Importer(815301076,1909f56bfc062723c751e8b465ee728b)  -> (artifact id: '39c4fd307450189fe26bfc3090c4f211') in 0.013898 seconds 
  Import took 0.017385 seconds .

========================================================================
Received Import Request.
  Time since last request: 0.000131 seconds.
  path: Assets/Resources/logos/chieftainlogo.png
  artifactKey: Guid(c7493d079c485bd4c82ed1ee0c5418de) Importer(815301076,1909f56bfc062723c751e8b465ee728b)
Start importing Assets/Resources/logos/chieftainlogo.png using Guid(c7493d079c485bd4c82ed1ee0c5418de) Importer(815301076,1909f56bfc062723c751e8b465ee728b)  -> (artifact id: 'f40dddb6618c1be8591217feee9df3b1') in 0.017753 seconds 
  Import took 0.021188 seconds .

========================================================================
Received Import Request.
  Time since last request: 0.000148 seconds.
  path: Assets/Resources/logos/chiplogo.png
  artifactKey: Guid(d95473c8577e0d6478039e9c4b83b232) Importer(815301076,1909f56bfc062723c751e8b465ee728b)
Start importing Assets/Resources/logos/chiplogo.png using Guid(d95473c8577e0d6478039e9c4b83b232) Importer(815301076,1909f56bfc062723c751e8b465ee728b)  -> (artifact id: '6e7ddd5ea8637c0a124b03678b5095ed') in 0.019080 seconds 
  Import took 0.022609 seconds .

========================================================================
Received Import Request.
  Time since last request: 0.000206 seconds.
  path: Assets/Resources/logos/colonistlogo.png
  artifactKey: Guid(d98e66c5e9b52a64188985542d2d6256) Importer(815301076,1909f56bfc062723c751e8b465ee728b)
Start importing Assets/Resources/logos/colonistlogo.png using Guid(d98e66c5e9b52a64188985542d2d6256) Importer(815301076,1909f56bfc062723c751e8b465ee728b)  -> (artifact id: '1bc370aaea7fa4c6603d08de3a06c5b6') in 0.013285 seconds 
  Import took 0.016724 seconds .

========================================================================
Received Import Request.
  Time since last request: 0.000157 seconds.
  path: Assets/Resources/logos/cactuslogo.png
  artifactKey: Guid(bda88dd158710724f89453218f623d4d) Importer(815301076,1909f56bfc062723c751e8b465ee728b)
Start importing Assets/Resources/logos/cactuslogo.png using Guid(bda88dd158710724f89453218f623d4d) Importer(815301076,1909f56bfc062723c751e8b465ee728b)  -> (artifact id: 'c54d4f273d5bda43c0849125cc116581') in 0.014248 seconds 
  Import took 0.018081 seconds .

========================================================================
Received Import Request.
  Time since last request: 0.000132 seconds.
  path: Assets/Resources/logos/bluecrablogo.png
  artifactKey: Guid(800a787a54246a04a818abb247f53558) Importer(815301076,1909f56bfc062723c751e8b465ee728b)
Start importing Assets/Resources/logos/bluecrablogo.png using Guid(800a787a54246a04a818abb247f53558) Importer(815301076,1909f56bfc062723c751e8b465ee728b)  -> (artifact id: '69fdbc003706f30fcce2610d081d4bb6') in 0.013876 seconds 
  Import took 0.017193 seconds .

========================================================================
Received Import Request.
  Time since last request: 1.969211 seconds.
  path: Assets/TextMesh Pro/Examples & Extras/Sprites/DropCap Numbers.psd
  artifactKey: Guid(fd09957580ac4326916010f1f260975b) Importer(815301076,1909f56bfc062723c751e8b465ee728b)
Start importing Assets/TextMesh Pro/Examples & Extras/Sprites/DropCap Numbers.psd using Guid(fd09957580ac4326916010f1f260975b) Importer(815301076,1909f56bfc062723c751e8b465ee728b)  -> (artifact id: '3ae852628711e3213206eb7d491105cf') in 0.009839 seconds 
  Import took 0.013241 seconds .

========================================================================
Received Import Request.
  Time since last request: 0.000199 seconds.
  path: Assets/Resources/logos/eaglelogo.png
  artifactKey: Guid(00cecab88ed587142a730e5ae1b69358) Importer(815301076,1909f56bfc062723c751e8b465ee728b)
Start importing Assets/Resources/logos/eaglelogo.png using Guid(00cecab88ed587142a730e5ae1b69358) Importer(815301076,1909f56bfc062723c751e8b465ee728b)  -> (artifact id: '49d308d323e6fd039e01ee15d394340a') in 0.016398 seconds 
  Import took 0.019453 seconds .

========================================================================
Received Import Request.
  Time since last request: 0.000188 seconds.
  path: Assets/Resources/logos/earthquakelogo.png
  artifactKey: Guid(24a9d675cca16b04f8f2c30cad04f7e7) Importer(815301076,1909f56bfc062723c751e8b465ee728b)
Start importing Assets/Resources/logos/earthquakelogo.png using Guid(24a9d675cca16b04f8f2c30cad04f7e7) Importer(815301076,1909f56bfc062723c751e8b465ee728b)  -> (artifact id: '884eddf437ee4bf4e87158b676e66cd8') in 0.027865 seconds 
  Import took 0.030885 seconds .

========================================================================
Received Import Request.
  Time since last request: 0.684809 seconds.
  path: Assets/TextMesh Pro/Sprites/EmojiOne.png
  artifactKey: Guid(dffef66376be4fa480fb02b19edbe903) Importer(815301076,1909f56bfc062723c751e8b465ee728b)
Start importing Assets/TextMesh Pro/Sprites/EmojiOne.png using Guid(dffef66376be4fa480fb02b19edbe903) Importer(815301076,1909f56bfc062723c751e8b465ee728b)  -> (artifact id: '793c64e77e1ed9dc23eead2de0711688') in 0.010031 seconds 
  Import took 0.013819 seconds .

========================================================================
Received Import Request.
  Time since last request: 0.000139 seconds.
  path: Assets/TextMesh Pro/Examples & Extras/Textures/Floor Tiles 1 - diffuse.jpg
  artifactKey: Guid(85ac55597b97403c82fc6601a93cf241) Importer(815301076,1909f56bfc062723c751e8b465ee728b)
Start importing Assets/TextMesh Pro/Examples & Extras/Textures/Floor Tiles 1 - diffuse.jpg using Guid(85ac55597b97403c82fc6601a93cf241) Importer(815301076,1909f56bfc062723c751e8b465ee728b)  -> (artifact id: '1d251d57a7c5b48edb4e9fd97076bb78') in 0.009740 seconds 
  Import took 0.013135 seconds .

========================================================================
Received Import Request.
  Time since last request: 0.000170 seconds.
  path: Assets/Resources/logos/explorerslogo.png
  artifactKey: Guid(dfa7a02defe9ade4db5e3e3eedce01a0) Importer(815301076,1909f56bfc062723c751e8b465ee728b)
Start importing Assets/Resources/logos/explorerslogo.png using Guid(dfa7a02defe9ade4db5e3e3eedce01a0) Importer(815301076,1909f56bfc062723c751e8b465ee728b)  -> (artifact id: 'a90376f68eac2e5fa3b1f3696e03b77a') in 0.015871 seconds 
  Import took 0.019172 seconds .

========================================================================
Received Import Request.
  Time since last request: 0.000193 seconds.
  path: Assets/TextMesh Pro/Examples & Extras/Textures/Floor Cement.jpg
  artifactKey: Guid(283f897e4925411ebbaa758b4cb13fc2) Importer(815301076,1909f56bfc062723c751e8b465ee728b)
Start importing Assets/TextMesh Pro/Examples & Extras/Textures/Floor Cement.jpg using Guid(283f897e4925411ebbaa758b4cb13fc2) Importer(815301076,1909f56bfc062723c751e8b465ee728b)  -> (artifact id: '780f311c98b930b8feeb6f37a8c1600c') in 0.010816 seconds 
  Import took 0.014165 seconds .

========================================================================
Received Import Request.
  Time since last request: 0.006131 seconds.
  path: Assets/TextMesh Pro/Examples & Extras/Fonts/Roboto-Bold.ttf
  artifactKey: Guid(4beb055f07aaff244873dec698d0363e) Importer(815301076,1909f56bfc062723c751e8b465ee728b)
Start importing Assets/TextMesh Pro/Examples & Extras/Fonts/Roboto-Bold.ttf using Guid(4beb055f07aaff244873dec698d0363e) Importer(815301076,1909f56bfc062723c751e8b465ee728b)  -> (artifact id: 'f5eb62bdb1f6678920370052afa06ba7') in 0.034187 seconds 
  Import took 0.037651 seconds .

========================================================================
Received Import Request.
  Time since last request: 0.000235 seconds.
  path: Assets/Simple UI/Fonts/FredokaOne-Regular.ttf
  artifactKey: Guid(4506bf6ca285b494ab0993e12703d5e6) Importer(815301076,1909f56bfc062723c751e8b465ee728b)
Start importing Assets/Simple UI/Fonts/FredokaOne-Regular.ttf using Guid(4506bf6ca285b494ab0993e12703d5e6) Importer(815301076,1909f56bfc062723c751e8b465ee728b)  -> (artifact id: '98d520cb715cbe7e8713f45effc27938') in 0.024723 seconds 
  Import took 0.027939 seconds .

========================================================================
Received Import Request.
  Time since last request: 0.000173 seconds.
  path: Assets/TextMesh Pro/Examples & Extras/Fonts/Oswald-Bold.ttf
  artifactKey: Guid(c9f6d0e7bc8541498c9a4799ba184ede) Importer(815301076,1909f56bfc062723c751e8b465ee728b)
Start importing Assets/TextMesh Pro/Examples & Extras/Fonts/Oswald-Bold.ttf using Guid(c9f6d0e7bc8541498c9a4799ba184ede) Importer(815301076,1909f56bfc062723c751e8b465ee728b)  -> (artifact id: '740de3a55449ae29278bc26320479fcc') in 0.035186 seconds 
  Import took 0.038431 seconds .

========================================================================
Received Import Request.
  Time since last request: 0.000199 seconds.
  path: Assets/TextMesh Pro/Examples & Extras/Fonts/Electronic Highway Sign.TTF
  artifactKey: Guid(8a2b9e2a607dd2143b58c44bc32410b4) Importer(815301076,1909f56bfc062723c751e8b465ee728b)
Start importing Assets/TextMesh Pro/Examples & Extras/Fonts/Electronic Highway Sign.TTF using Guid(8a2b9e2a607dd2143b58c44bc32410b4) Importer(815301076,1909f56bfc062723c751e8b465ee728b)  -> (artifact id: 'c8b1f05ff8f6fbfc3beeb8a5094ddca3') in 0.030891 seconds 
  Import took 0.034103 seconds .

========================================================================
Received Import Request.
  Time since last request: 0.000148 seconds.
  path: Assets/TextMesh Pro/Examples & Extras/Fonts/Bangers.ttf
  artifactKey: Guid(5dd49b3eacc540408c98eee0de38e0f1) Importer(815301076,1909f56bfc062723c751e8b465ee728b)
Start importing Assets/TextMesh Pro/Examples & Extras/Fonts/Bangers.ttf using Guid(5dd49b3eacc540408c98eee0de38e0f1) Importer(815301076,1909f56bfc062723c751e8b465ee728b)  -> (artifact id: '287978acc725e2e6afb4e562d33d9065') in 0.029551 seconds 
  Import took 0.032654 seconds .

========================================================================
Received Import Request.
  Time since last request: 0.000156 seconds.
  path: Assets/Resources/logos/frostgiantslogo.png
  artifactKey: Guid(c29b96b83ff753045bb982cbad9de727) Importer(815301076,1909f56bfc062723c751e8b465ee728b)
Start importing Assets/Resources/logos/frostgiantslogo.png using Guid(c29b96b83ff753045bb982cbad9de727) Importer(815301076,1909f56bfc062723c751e8b465ee728b)  -> (artifact id: 'cec47e8dc95a644ad28ca6cdbdc41c9e') in 0.013746 seconds 
  Import took 0.016848 seconds .

========================================================================
Received Import Request.
  Time since last request: 0.000187 seconds.
  path: Assets/TextMesh Pro/Examples & Extras/Fonts/Anton.ttf
  artifactKey: Guid(997a43b767814dd0a7642ec9b78cba41) Importer(815301076,1909f56bfc062723c751e8b465ee728b)
Start importing Assets/TextMesh Pro/Examples & Extras/Fonts/Anton.ttf using Guid(997a43b767814dd0a7642ec9b78cba41) Importer(815301076,1909f56bfc062723c751e8b465ee728b)  -> (artifact id: 'b2f3fed9213a1ccefa6ae6581444a8f2') in 0.028591 seconds 
  Import took 0.032228 seconds .

========================================================================
Received Import Request.
  Time since last request: 1.483567 seconds.
  path: Assets/Simple UI/PNG/UI_Frame_Dark_White.png
  artifactKey: Guid(f8f919528929444d38fb2c14ee234bb1) Importer(815301076,1909f56bfc062723c751e8b465ee728b)
Start importing Assets/Simple UI/PNG/UI_Frame_Dark_White.png using Guid(f8f919528929444d38fb2c14ee234bb1) Importer(815301076,1909f56bfc062723c751e8b465ee728b)  -> (artifact id: '51987a73ec5fc190edc0f6dee14ae82a') in 0.014978 seconds 
  Import took 0.018334 seconds .

========================================================================
Received Import Request.
  Time since last request: 0.000192 seconds.
  path: Assets/Simple UI/Resource Icons/UI_Graphic_Resource_Tools.png
  artifactKey: Guid(b6adf1cf14f6d464194562461987edf1) Importer(815301076,1909f56bfc062723c751e8b465ee728b)
Start importing Assets/Simple UI/Resource Icons/UI_Graphic_Resource_Tools.png using Guid(b6adf1cf14f6d464194562461987edf1) Importer(815301076,1909f56bfc062723c751e8b465ee728b)  -> (artifact id: 'acae24f006de6f27e605f15d89e3cb17') in 0.014055 seconds 
  Import took 0.017154 seconds .

========================================================================
Received Import Request.
  Time since last request: 0.000128 seconds.
  path: Assets/Simple UI/Simple Vector Icons/128px/UI_Icon_ArrowRight.png
  artifactKey: Guid(88e01b918e6f74dc29d31ccf3e10e1b2) Importer(815301076,1909f56bfc062723c751e8b465ee728b)
Start importing Assets/Simple UI/Simple Vector Icons/128px/UI_Icon_ArrowRight.png using Guid(88e01b918e6f74dc29d31ccf3e10e1b2) Importer(815301076,1909f56bfc062723c751e8b465ee728b)  -> (artifact id: '71bfdbeb729256c8776466143ed241f7') in 0.011551 seconds 
  Import took 0.014798 seconds .

========================================================================
Received Import Request.
  Time since last request: 0.000125 seconds.
  path: Assets/Simple UI/Resource Icons/UI_Graphic_Resource_Iron.png
  artifactKey: Guid(46c993598ebc54c0c9ebd8a0050516fb) Importer(815301076,1909f56bfc062723c751e8b465ee728b)
Start importing Assets/Simple UI/Resource Icons/UI_Graphic_Resource_Iron.png using Guid(46c993598ebc54c0c9ebd8a0050516fb) Importer(815301076,1909f56bfc062723c751e8b465ee728b)  -> (artifact id: 'ef03d74fe5bf929bb9a0f741cb71f333') in 0.020098 seconds 
  Import took 0.023065 seconds .

========================================================================
Received Import Request.
  Time since last request: 0.000125 seconds.
  path: Assets/Simple UI/Simple Vector Icons/128px/UI_Icon_FaithChristianity.png
  artifactKey: Guid(ed3eb347da4e34b76bb5b96dc7c612b7) Importer(815301076,1909f56bfc062723c751e8b465ee728b)
Start importing Assets/Simple UI/Simple Vector Icons/128px/UI_Icon_FaithChristianity.png using Guid(ed3eb347da4e34b76bb5b96dc7c612b7) Importer(815301076,1909f56bfc062723c751e8b465ee728b)  -> (artifact id: '57af59cc51d8bc34cefe2977367cfdb7') in 0.011862 seconds 
  Import took 0.014928 seconds .

========================================================================
Received Import Request.
  Time since last request: 0.000191 seconds.
  path: Assets/Simple UI/Resource Vector Graphics/UI_Graphic_Resource_Food.png
  artifactKey: Guid(1618cb37bcd5144fd923b9697be57d63) Importer(815301076,1909f56bfc062723c751e8b465ee728b)
Start importing Assets/Simple UI/Resource Vector Graphics/UI_Graphic_Resource_Food.png using Guid(1618cb37bcd5144fd923b9697be57d63) Importer(815301076,1909f56bfc062723c751e8b465ee728b)  -> (artifact id: '9601c284b90ce0d701dd8b3c2eebe4f8') in 0.012980 seconds 
  Import took 0.016191 seconds .

========================================================================
Received Import Request.
  Time since last request: 0.000172 seconds.
  path: Assets/Simple UI/Resource Vector Graphics/UI_Graphic_Resource_Tools.png
  artifactKey: Guid(32fb7e0aee1614fe8ac38467a139e9a6) Importer(815301076,1909f56bfc062723c751e8b465ee728b)
Start importing Assets/Simple UI/Resource Vector Graphics/UI_Graphic_Resource_Tools.png using Guid(32fb7e0aee1614fe8ac38467a139e9a6) Importer(815301076,1909f56bfc062723c751e8b465ee728b)  -> (artifact id: '5d0acfed41120fa76a91af303969de5d') in 0.016287 seconds 
  Import took 0.019593 seconds .

========================================================================
Received Import Request.
  Time since last request: 0.000128 seconds.
  path: Assets/Simple UI/Simple Vector Icons/128px/UI_Icon_Chat.png
  artifactKey: Guid(0c17544c0653244b69a3b8276be05383) Importer(815301076,1909f56bfc062723c751e8b465ee728b)
Start importing Assets/Simple UI/Simple Vector Icons/128px/UI_Icon_Chat.png using Guid(0c17544c0653244b69a3b8276be05383) Importer(815301076,1909f56bfc062723c751e8b465ee728b)  -> (artifact id: '7ce6c4452b811f772b3418ca317faf6c') in 0.014259 seconds 
  Import took 0.017244 seconds .

========================================================================
Received Import Request.
  Time since last request: 0.000129 seconds.
  path: Assets/Simple UI/Simple Vector Icons/128px/UI_Icon_Cash.png
  artifactKey: Guid(334611576a31e4508bfe687bb31f7dcf) Importer(815301076,1909f56bfc062723c751e8b465ee728b)
Start importing Assets/Simple UI/Simple Vector Icons/128px/UI_Icon_Cash.png using Guid(334611576a31e4508bfe687bb31f7dcf) Importer(815301076,1909f56bfc062723c751e8b465ee728b)  -> (artifact id: '75f2738628a335cfa560d86cdd2f2c5e') in 0.014923 seconds 
  Import took 0.018009 seconds .

========================================================================
Received Import Request.
  Time since last request: 0.000151 seconds.
  path: Assets/Simple UI/Simple Vector Icons/128px/UI_Icon_EllipsisHorizontal.png
  artifactKey: Guid(3b85c4a4f298647918c11e04ad53e069) Importer(815301076,1909f56bfc062723c751e8b465ee728b)
Start importing Assets/Simple UI/Simple Vector Icons/128px/UI_Icon_EllipsisHorizontal.png using Guid(3b85c4a4f298647918c11e04ad53e069) Importer(815301076,1909f56bfc062723c751e8b465ee728b)  -> (artifact id: '8397769f6ef5da470864899a4cb2457d') in 0.011737 seconds 
  Import took 0.015140 seconds .

========================================================================
Received Import Request.
  Time since last request: 0.000141 seconds.
  path: Assets/Simple UI/Simple Vector Icons/128px/UI_Icon_Checkbox.png
  artifactKey: Guid(c1ac54b0f756145639e0a54b1f6cf89e) Importer(815301076,1909f56bfc062723c751e8b465ee728b)
Start importing Assets/Simple UI/Simple Vector Icons/128px/UI_Icon_Checkbox.png using Guid(c1ac54b0f756145639e0a54b1f6cf89e) Importer(815301076,1909f56bfc062723c751e8b465ee728b)  -> (artifact id: '0925f2137e28fad34bd51e59c4cffdbd') in 0.011776 seconds 
  Import took 0.014967 seconds .

========================================================================
Received Import Request.
  Time since last request: 0.000154 seconds.
  path: Assets/Simple UI/Simple Vector Icons/128px/UI_Icon_BtnDpadHorizontal.png
  artifactKey: Guid(0fcb790eb5ebc42fb97e372fa34391e1) Importer(815301076,1909f56bfc062723c751e8b465ee728b)
Start importing Assets/Simple UI/Simple Vector Icons/128px/UI_Icon_BtnDpadHorizontal.png using Guid(0fcb790eb5ebc42fb97e372fa34391e1) Importer(815301076,1909f56bfc062723c751e8b465ee728b)  -> (artifact id: '47b135e017cf13eb523305e2eb2583ce') in 0.014159 seconds 
  Import took 0.017304 seconds .

========================================================================
Received Import Request.
  Time since last request: 0.000190 seconds.
  path: Assets/Simple UI/Simple Vector Icons/128px/UI_Icon_CardHearts.png
  artifactKey: Guid(c3dff17a5624e42d7b80a5f79fddd370) Importer(815301076,1909f56bfc062723c751e8b465ee728b)
Start importing Assets/Simple UI/Simple Vector Icons/128px/UI_Icon_CardHearts.png using Guid(c3dff17a5624e42d7b80a5f79fddd370) Importer(815301076,1909f56bfc062723c751e8b465ee728b)  -> (artifact id: '271688a6934047f913fefafe6e3fbe42') in 0.014742 seconds 
  Import took 0.018009 seconds .

========================================================================
Received Import Request.
  Time since last request: 0.000195 seconds.
  path: Assets/Simple UI/PNG/UI_Frame_White.png
  artifactKey: Guid(159709bc538104a329b60b7b07386209) Importer(815301076,1909f56bfc062723c751e8b465ee728b)
Start importing Assets/Simple UI/PNG/UI_Frame_White.png using Guid(159709bc538104a329b60b7b07386209) Importer(815301076,1909f56bfc062723c751e8b465ee728b)  -> (artifact id: '6fdbfa27977d70c9cf2e0f282b4fab88') in 0.010692 seconds 
  Import took 0.013907 seconds .

========================================================================
Received Import Request.
  Time since last request: 0.000161 seconds.
  path: Assets/Simple UI/Resource Vector Graphics/UI_Graphic_Resource_Gems.png
  artifactKey: Guid(f59401c5c79564fd1ae3bfb0876455a7) Importer(815301076,1909f56bfc062723c751e8b465ee728b)
Start importing Assets/Simple UI/Resource Vector Graphics/UI_Graphic_Resource_Gems.png using Guid(f59401c5c79564fd1ae3bfb0876455a7) Importer(815301076,1909f56bfc062723c751e8b465ee728b)  -> (artifact id: '6946928c4fd6a8e38d2d9a5e5c059a89') in 0.014352 seconds 
  Import took 0.017607 seconds .

========================================================================
Received Import Request.
  Time since last request: 0.000142 seconds.
  path: Assets/Simple UI/Simple Vector Icons/128px/UI_Icon_Chainlink.png
  artifactKey: Guid(153ddf09ae4964b6d9f21e0e6fd97610) Importer(815301076,1909f56bfc062723c751e8b465ee728b)
Start importing Assets/Simple UI/Simple Vector Icons/128px/UI_Icon_Chainlink.png using Guid(153ddf09ae4964b6d9f21e0e6fd97610) Importer(815301076,1909f56bfc062723c751e8b465ee728b)  -> (artifact id: '1167b8c62a724d4b74b2fa46a16b84d7') in 0.012388 seconds 
  Import took 0.015751 seconds .

========================================================================
Received Import Request.
  Time since last request: 0.000152 seconds.
  path: Assets/Simple UI/Simple Vector Icons/128px/UI_Icon_Attachment.png
  artifactKey: Guid(f3ed75e740f65418681eabd1909d2276) Importer(815301076,1909f56bfc062723c751e8b465ee728b)
Start importing Assets/Simple UI/Simple Vector Icons/128px/UI_Icon_Attachment.png using Guid(f3ed75e740f65418681eabd1909d2276) Importer(815301076,1909f56bfc062723c751e8b465ee728b)  -> (artifact id: '166687cb9d521d22ff55ea0e030f30aa') in 0.011591 seconds 
  Import took 0.015085 seconds .

========================================================================
Received Import Request.
  Time since last request: 0.000153 seconds.
  path: Assets/Simple UI/Resource Icons/UI_Graphic_Resource_Food.png
  artifactKey: Guid(25b6b275757df4f589d23b542f236cb0) Importer(815301076,1909f56bfc062723c751e8b465ee728b)
Start importing Assets/Simple UI/Resource Icons/UI_Graphic_Resource_Food.png using Guid(25b6b275757df4f589d23b542f236cb0) Importer(815301076,1909f56bfc062723c751e8b465ee728b)  -> (artifact id: '1a2eafed6d07c3270a145b482c9baff3') in 0.015148 seconds 
  Import took 0.018679 seconds .

========================================================================
Received Import Request.
  Time since last request: 0.000140 seconds.
  path: Assets/Simple UI/Simple Vector Icons/128px/UI_Icon_Archer.png
  artifactKey: Guid(54dc0b63b285f4aac9103e86d8d8e8bf) Importer(815301076,1909f56bfc062723c751e8b465ee728b)
Start importing Assets/Simple UI/Simple Vector Icons/128px/UI_Icon_Archer.png using Guid(54dc0b63b285f4aac9103e86d8d8e8bf) Importer(815301076,1909f56bfc062723c751e8b465ee728b)  -> (artifact id: 'd1b6c4d4b956c6de92d75b7005548be4') in 0.016459 seconds 
  Import took 0.019583 seconds .

========================================================================
Received Import Request.
  Time since last request: 0.000209 seconds.
  path: Assets/Simple UI/Simple Vector Icons/128px/UI_Icon_Bluetooth.png
  artifactKey: Guid(7834eda77dc3344fbbab16747b344b6c) Importer(815301076,1909f56bfc062723c751e8b465ee728b)
Start importing Assets/Simple UI/Simple Vector Icons/128px/UI_Icon_Bluetooth.png using Guid(7834eda77dc3344fbbab16747b344b6c) Importer(815301076,1909f56bfc062723c751e8b465ee728b)  -> (artifact id: '4dcd8faa74f4a14d0bb2e1ae87c763f9') in 0.011419 seconds 
  Import took 0.014456 seconds .

========================================================================
Received Import Request.
  Time since last request: 0.000140 seconds.
  path: Assets/Simple UI/Simple Vector Icons/128px/UI_Icon_CalendarMonth.png
  artifactKey: Guid(9bea3c5996ff64e068019e213de2e05b) Importer(815301076,1909f56bfc062723c751e8b465ee728b)
Start importing Assets/Simple UI/Simple Vector Icons/128px/UI_Icon_CalendarMonth.png using Guid(9bea3c5996ff64e068019e213de2e05b) Importer(815301076,1909f56bfc062723c751e8b465ee728b)  -> (artifact id: 'bb034d4035d3da6a46334f2319c8843a') in 0.011364 seconds 
  Import took 0.014514 seconds .

========================================================================
Received Import Request.
  Time since last request: 0.000148 seconds.
  path: Assets/Simple UI/Resource Vector Graphics/UI_Graphic_Resource_Wood.png
  artifactKey: Guid(e0eac6b76fdd842e88a7f8c75ecffaf4) Importer(815301076,1909f56bfc062723c751e8b465ee728b)
Start importing Assets/Simple UI/Resource Vector Graphics/UI_Graphic_Resource_Wood.png using Guid(e0eac6b76fdd842e88a7f8c75ecffaf4) Importer(815301076,1909f56bfc062723c751e8b465ee728b)  -> (artifact id: '0e0bea8b932d11102804df85f3894ff8') in 0.015503 seconds 
  Import took 0.018828 seconds .

========================================================================
Received Import Request.
  Time since last request: 0.000153 seconds.
  path: Assets/Simple UI/Resource Vector Graphics/UI_Graphic_Resource_Coins.png
  artifactKey: Guid(53831ffd2c1064d07b3fcc10982b1e0d) Importer(815301076,1909f56bfc062723c751e8b465ee728b)
Start importing Assets/Simple UI/Resource Vector Graphics/UI_Graphic_Resource_Coins.png using Guid(53831ffd2c1064d07b3fcc10982b1e0d) Importer(815301076,1909f56bfc062723c751e8b465ee728b)  -> (artifact id: '5727d601a546d08eab097d63fda7d30c') in 0.013628 seconds 
  Import took 0.016921 seconds .

========================================================================
Received Import Request.
  Time since last request: 0.000141 seconds.
  path: Assets/Simple UI/Simple Vector Icons/128px/UI_Icon_ArrowLeftRight.png
  artifactKey: Guid(dedddbc0137a047d990970dc2e8d58b9) Importer(815301076,1909f56bfc062723c751e8b465ee728b)
Start importing Assets/Simple UI/Simple Vector Icons/128px/UI_Icon_ArrowLeftRight.png using Guid(dedddbc0137a047d990970dc2e8d58b9) Importer(815301076,1909f56bfc062723c751e8b465ee728b)  -> (artifact id: 'f40b5d3c95e4e1fd52882ac2f8abcff1') in 0.012350 seconds 
  Import took 0.015460 seconds .

========================================================================
Received Import Request.
  Time since last request: 0.000148 seconds.
  path: Assets/Simple UI/Simple Vector Icons/128px/UI_Icon_DevicePhone.png
  artifactKey: Guid(c9a67e436c61341909ed9a4a1d3bd7e6) Importer(815301076,1909f56bfc062723c751e8b465ee728b)
Start importing Assets/Simple UI/Simple Vector Icons/128px/UI_Icon_DevicePhone.png using Guid(c9a67e436c61341909ed9a4a1d3bd7e6) Importer(815301076,1909f56bfc062723c751e8b465ee728b)  -> (artifact id: '86e23bb608d339e4ec6ca52036b20814') in 0.012979 seconds 
  Import took 0.016059 seconds .

========================================================================
Received Import Request.
  Time since last request: 0.000138 seconds.
  path: Assets/Simple UI/Simple Vector Icons/128px/UI_Icon_BtnDpadDirRight.png
  artifactKey: Guid(3fef5fdc4354f4a55824780ee174c7ae) Importer(815301076,1909f56bfc062723c751e8b465ee728b)
Start importing Assets/Simple UI/Simple Vector Icons/128px/UI_Icon_BtnDpadDirRight.png using Guid(3fef5fdc4354f4a55824780ee174c7ae) Importer(815301076,1909f56bfc062723c751e8b465ee728b)  -> (artifact id: '30f23d5153d8a884cec4f95fe3994761') in 0.012339 seconds 
  Import took 0.015646 seconds .

========================================================================
Received Import Request.
  Time since last request: 0.000177 seconds.
  path: Assets/Simple UI/Resource Icons/UI_Graphic_Resource_Gems.png
  artifactKey: Guid(51cbf6e0aefa3464ba1c716d3be413aa) Importer(815301076,1909f56bfc062723c751e8b465ee728b)
Start importing Assets/Simple UI/Resource Icons/UI_Graphic_Resource_Gems.png using Guid(51cbf6e0aefa3464ba1c716d3be413aa) Importer(815301076,1909f56bfc062723c751e8b465ee728b)  -> (artifact id: 'bd72176624f72b7ee5b72923b911f11e') in 0.011943 seconds 
  Import took 0.015210 seconds .

========================================================================
Received Import Request.
  Time since last request: 0.000130 seconds.
  path: Assets/Simple UI/Resource Vector Graphics/UI_Graphic_Resource_Iron.png
  artifactKey: Guid(7e082cc2cf2a4433d85e388c6bf94234) Importer(815301076,1909f56bfc062723c751e8b465ee728b)
Start importing Assets/Simple UI/Resource Vector Graphics/UI_Graphic_Resource_Iron.png using Guid(7e082cc2cf2a4433d85e388c6bf94234) Importer(815301076,1909f56bfc062723c751e8b465ee728b)  -> (artifact id: 'b71bab62d2b7930160ba75b303a5022d') in 0.012950 seconds 
  Import took 0.016012 seconds .

========================================================================
Received Import Request.
  Time since last request: 0.000152 seconds.
  path: Assets/Simple UI/Simple Vector Icons/128px/UI_Icon_Crosshairs.png
  artifactKey: Guid(617e2e0b79f344d72bad753b86e47106) Importer(815301076,1909f56bfc062723c751e8b465ee728b)
Start importing Assets/Simple UI/Simple Vector Icons/128px/UI_Icon_Crosshairs.png using Guid(617e2e0b79f344d72bad753b86e47106) Importer(815301076,1909f56bfc062723c751e8b465ee728b)  -> (artifact id: '70091f54f881c71b4cd46108d1592557') in 0.011637 seconds 
  Import took 0.014899 seconds .

========================================================================
Received Import Request.
  Time since last request: 0.000143 seconds.
  path: Assets/Simple UI/Resource Icons/UI_Graphic_Resource_Wood.png
  artifactKey: Guid(350f2e489c1d0458db18e969f67cb28a) Importer(815301076,1909f56bfc062723c751e8b465ee728b)
Start importing Assets/Simple UI/Resource Icons/UI_Graphic_Resource_Wood.png using Guid(350f2e489c1d0458db18e969f67cb28a) Importer(815301076,1909f56bfc062723c751e8b465ee728b)  -> (artifact id: '5c3689fcd6aefafd2e8d73e15655bd95') in 0.012186 seconds 
  Import took 0.015413 seconds .

========================================================================
Received Import Request.
  Time since last request: 0.000127 seconds.
  path: Assets/Simple UI/Resource Icons/UI_Graphic_Resource_Coins.png
  artifactKey: Guid(aebcbaf5d1d2146bf9ff69b1b95334d6) Importer(815301076,1909f56bfc062723c751e8b465ee728b)
Start importing Assets/Simple UI/Resource Icons/UI_Graphic_Resource_Coins.png using Guid(aebcbaf5d1d2146bf9ff69b1b95334d6) Importer(815301076,1909f56bfc062723c751e8b465ee728b)  -> (artifact id: '3269d7a0f1afc137b3db5a40ccef8726') in 0.013876 seconds 
  Import took 0.017228 seconds .

========================================================================
Received Import Request.
  Time since last request: 0.099030 seconds.
  path: Assets/Images/hexbackground.jpg
  artifactKey: Guid(66f7e72680111fc4ea069e54269152eb) Importer(815301076,1909f56bfc062723c751e8b465ee728b)
Start importing Assets/Images/hexbackground.jpg using Guid(66f7e72680111fc4ea069e54269152eb) Importer(815301076,1909f56bfc062723c751e8b465ee728b)  -> (artifact id: 'a8f4921115c8b1ca6509ab26fd31ad5f') in 0.017030 seconds 
  Import took 0.020379 seconds .

========================================================================
Received Import Request.
  Time since last request: 164.087363 seconds.
  path: Assets/UI/UI.unity
  artifactKey: Guid(81eaff3dd7f007549bb412bcaaf5ef63) Importer(815301076,1909f56bfc062723c751e8b465ee728b)
Start importing Assets/UI/UI.unity using Guid(81eaff3dd7f007549bb412bcaaf5ef63) Importer(815301076,1909f56bfc062723c751e8b465ee728b)  -> (artifact id: '3c8604e0c8374b21d55fc39fb5e09c05') in 0.005248 seconds 
  Import took 0.008905 seconds .

========================================================================
Received Prepare
Registering precompiled user dll's ...
Registered in 0.003309 seconds.
ASSEMBLY OVERRIDES: * override found for Unity assembly UnityEngine.UIElementsModule.dll (override path Library/ScriptAssemblies/UnityEngine.UIElementsModule.dll)
ASSEMBLY OVERRIDES: * override found for Unity assembly UnityEditor.UIElementsModule.dll (override path Library/ScriptAssemblies/UnityEditor.UIElementsModule.dll)
ASSEMBLY OVERRIDES: * override found for Unity assembly UnityEngine.UIElementsModule.dll (override path Library/ScriptAssemblies/UnityEngine.UIElementsModule.dll)
ASSEMBLY OVERRIDES: * override found for Unity assembly UnityEditor.UIElementsModule.dll (override path Library/ScriptAssemblies/UnityEditor.UIElementsModule.dll)
Begin MonoManager ReloadAssembly
ASSEMBLY OVERRIDES: * override found for Unity assembly UnityEngine.UIElementsModule.dll (override path Library/ScriptAssemblies/UnityEngine.UIElementsModule.dll)
ASSEMBLY OVERRIDES: * override found for Unity assembly UnityEditor.UIElementsModule.dll (override path Library/ScriptAssemblies/UnityEditor.UIElementsModule.dll)
Symbol file LoadedFromMemory is not a mono symbol file
Native extension for WindowsStandalone target not found
Refreshing native plugins compatible for Editor in 0.60 ms, found 2 plugins.
Preloading 0 native plugins for Editor in 0.00 ms.
ASSEMBLY OVERRIDES: * override found for Unity assembly UnityEngine.UIElementsModule.dll (override path Library/ScriptAssemblies/UnityEngine.UIElementsModule.dll)
ASSEMBLY OVERRIDES: * override found for Unity assembly UnityEditor.UIElementsModule.dll (override path Library/ScriptAssemblies/UnityEditor.UIElementsModule.dll)
ASSEMBLY OVERRIDES: * override found for Unity assembly UnityEngine.UIElementsModule.dll (override path Library/ScriptAssemblies/UnityEngine.UIElementsModule.dll)
ASSEMBLY OVERRIDES: * override found for Unity assembly UnityEditor.UIElementsModule.dll (override path Library/ScriptAssemblies/UnityEditor.UIElementsModule.dll)
Mono: successfully reloaded assembly
- Completed reload, in  0.958 seconds
Domain Reload Profiling:
	ReloadAssembly (958ms)
		BeginReloadAssembly (98ms)
			ExecutionOrderSort (0ms)
			DisableScriptedObjects (4ms)
			BackupInstance (0ms)
			ReleaseScriptingObjects (0ms)
			CreateAndSetChildDomain (33ms)
		EndReloadAssembly (804ms)
			LoadAssemblies (72ms)
			RebuildTransferFunctionScriptingTraits (0ms)
			SetupTypeCache (257ms)
			ReleaseScriptCaches (1ms)
			RebuildScriptCaches (44ms)
			SetupLoadedEditorAssemblies (339ms)
				LogAssemblyErrors (0ms)
				InitializePlatformSupportModulesInManaged (5ms)
				SetLoadedEditorAssemblies (0ms)
				RefreshPlugins (1ms)
				BeforeProcessingInitializeOnLoad (91ms)
				ProcessInitializeOnLoadAttributes (195ms)
				ProcessInitializeOnLoadMethodAttributes (41ms)
				AfterProcessingInitializeOnLoad (6ms)
				EditorAssembliesLoaded (0ms)
			ExecutionOrderSort2 (0ms)
			AwakeInstancesAfterBackupRestoration (6ms)
Platform modules already initialized, skipping
Refreshing native plugins compatible for Editor in 0.75 ms, found 2 plugins.
Preloading 0 native plugins for Editor in 0.00 ms.
Unloading 2275 Unused Serialized files (Serialized files now loaded: 0)
System memory in use before: 101.8 MB.
System memory in use after: 102.0 MB.

Unloading 105 unused Assets to reduce memory usage. Loaded Objects now: 2710.
Total: 3.551200 ms (FindLiveObjects: 0.325400 ms CreateObjectMapping: 0.127900 ms MarkObjects: 2.690100 ms  DeleteObjects: 0.406700 ms)

AssetImportParameters requested are different than current active one (requested -> active):
  custom:framework-win-MediaFoundation: 216162199b28c13a410421893ffa2e32 -> 
  custom:video-decoder-ogg-theora: a1e56fd34408186e4bbccfd4996cb3dc -> 
  custom:container-muxer-webm: aa71ff27fc2769a1b78a27578f13a17b -> 
  custom:container-demuxer-webm: 4f35f7cbe854078d1ac9338744f61a02 -> 
  custom:container-demuxer-ogg: 62fdf1f143b41e24485cea50d1cbac27 -> 
  custom:video-encoder-webm-vp8: eb34c28f22e8b96e1ab97ce403110664 -> 
  custom:video-decoder-webm-vp8: 9c59270c3fd7afecdb556c50c9e8de78 -> 
  custom:audio-decoder-ogg-vorbis: bf7c407c2cedff20999df2af8eb42d56 -> 
  custom:audio-encoder-webm-vorbis: bf7c407c2cedff20999df2af8eb42d56 -> 
========================================================================
Received Import Request.
  Time since last request: 70.385128 seconds.
  path: Assets/TextMesh Pro/Fonts/LiberationSans.ttf
  artifactKey: Guid(e3265ab4bf004d28a9537516768c1c75) Importer(815301076,1909f56bfc062723c751e8b465ee728b)
Start importing Assets/TextMesh Pro/Fonts/LiberationSans.ttf using Guid(e3265ab4bf004d28a9537516768c1c75) Importer(815301076,1909f56bfc062723c751e8b465ee728b)  -> (artifact id: 'cec1587b7129bde4b287cc77833a66ca') in 0.065646 seconds 
  Import took 0.069658 seconds .

========================================================================
Received Import Request.
  Time since last request: 0.000135 seconds.
  path: Assets/Fonts/University.otf
  artifactKey: Guid(814e511176d48b348b7bb074606e5823) Importer(815301076,1909f56bfc062723c751e8b465ee728b)
Start importing Assets/Fonts/University.otf using Guid(814e511176d48b348b7bb074606e5823) Importer(815301076,1909f56bfc062723c751e8b465ee728b)  -> (artifact id: '61428a092c852d94e5f8fe7b917e98c3') in 0.013713 seconds 
  Import took 0.016774 seconds .

========================================================================
Received Prepare
Registering precompiled user dll's ...
Registered in 0.003273 seconds.
ASSEMBLY OVERRIDES: * override found for Unity assembly UnityEngine.UIElementsModule.dll (override path Library/ScriptAssemblies/UnityEngine.UIElementsModule.dll)
ASSEMBLY OVERRIDES: * override found for Unity assembly UnityEditor.UIElementsModule.dll (override path Library/ScriptAssemblies/UnityEditor.UIElementsModule.dll)
ASSEMBLY OVERRIDES: * override found for Unity assembly UnityEngine.UIElementsModule.dll (override path Library/ScriptAssemblies/UnityEngine.UIElementsModule.dll)
ASSEMBLY OVERRIDES: * override found for Unity assembly UnityEditor.UIElementsModule.dll (override path Library/ScriptAssemblies/UnityEditor.UIElementsModule.dll)
Begin MonoManager ReloadAssembly
ASSEMBLY OVERRIDES: * override found for Unity assembly UnityEngine.UIElementsModule.dll (override path Library/ScriptAssemblies/UnityEngine.UIElementsModule.dll)
ASSEMBLY OVERRIDES: * override found for Unity assembly UnityEditor.UIElementsModule.dll (override path Library/ScriptAssemblies/UnityEditor.UIElementsModule.dll)
Symbol file LoadedFromMemory is not a mono symbol file
Native extension for WindowsStandalone target not found
Refreshing native plugins compatible for Editor in 0.58 ms, found 2 plugins.
Preloading 0 native plugins for Editor in 0.00 ms.
ASSEMBLY OVERRIDES: * override found for Unity assembly UnityEngine.UIElementsModule.dll (override path Library/ScriptAssemblies/UnityEngine.UIElementsModule.dll)
ASSEMBLY OVERRIDES: * override found for Unity assembly UnityEditor.UIElementsModule.dll (override path Library/ScriptAssemblies/UnityEditor.UIElementsModule.dll)
ASSEMBLY OVERRIDES: * override found for Unity assembly UnityEngine.UIElementsModule.dll (override path Library/ScriptAssemblies/UnityEngine.UIElementsModule.dll)
ASSEMBLY OVERRIDES: * override found for Unity assembly UnityEditor.UIElementsModule.dll (override path Library/ScriptAssemblies/UnityEditor.UIElementsModule.dll)
Mono: successfully reloaded assembly
- Completed reload, in  0.972 seconds
Domain Reload Profiling:
	ReloadAssembly (973ms)
		BeginReloadAssembly (96ms)
			ExecutionOrderSort (0ms)
			DisableScriptedObjects (4ms)
			BackupInstance (0ms)
			ReleaseScriptingObjects (0ms)
			CreateAndSetChildDomain (33ms)
		EndReloadAssembly (820ms)
			LoadAssemblies (73ms)
			RebuildTransferFunctionScriptingTraits (0ms)
			SetupTypeCache (267ms)
			ReleaseScriptCaches (1ms)
			RebuildScriptCaches (44ms)
			SetupLoadedEditorAssemblies (341ms)
				LogAssemblyErrors (0ms)
				InitializePlatformSupportModulesInManaged (5ms)
				SetLoadedEditorAssemblies (0ms)
				RefreshPlugins (1ms)
				BeforeProcessingInitializeOnLoad (90ms)
				ProcessInitializeOnLoadAttributes (196ms)
				ProcessInitializeOnLoadMethodAttributes (43ms)
				AfterProcessingInitializeOnLoad (6ms)
				EditorAssembliesLoaded (0ms)
			ExecutionOrderSort2 (0ms)
			AwakeInstancesAfterBackupRestoration (7ms)
Platform modules already initialized, skipping
Refreshing native plugins compatible for Editor in 0.63 ms, found 2 plugins.
Preloading 0 native plugins for Editor in 0.00 ms.
Unloading 2275 Unused Serialized files (Serialized files now loaded: 0)
System memory in use before: 101.9 MB.
System memory in use after: 102.0 MB.

Unloading 105 unused Assets to reduce memory usage. Loaded Objects now: 2714.
Total: 3.670300 ms (FindLiveObjects: 0.242600 ms CreateObjectMapping: 0.090800 ms MarkObjects: 2.865800 ms  DeleteObjects: 0.469800 ms)

AssetImportParameters requested are different than current active one (requested -> active):
  custom:framework-win-MediaFoundation: 216162199b28c13a410421893ffa2e32 -> 
  custom:video-decoder-ogg-theora: a1e56fd34408186e4bbccfd4996cb3dc -> 
  custom:container-muxer-webm: aa71ff27fc2769a1b78a27578f13a17b -> 
  custom:container-demuxer-webm: 4f35f7cbe854078d1ac9338744f61a02 -> 
  custom:container-demuxer-ogg: 62fdf1f143b41e24485cea50d1cbac27 -> 
  custom:video-encoder-webm-vp8: eb34c28f22e8b96e1ab97ce403110664 -> 
  custom:video-decoder-webm-vp8: 9c59270c3fd7afecdb556c50c9e8de78 -> 
  custom:audio-decoder-ogg-vorbis: bf7c407c2cedff20999df2af8eb42d56 -> 
  custom:audio-encoder-webm-vorbis: bf7c407c2cedff20999df2af8eb42d56 -> 
========================================================================
Received Import Request.
  Time since last request: 230.776135 seconds.
  path: Assets/Fonts
  artifactKey: Guid(8f8228d00f5eae242ad3d8e39c0b8732) Importer(815301076,1909f56bfc062723c751e8b465ee728b)
Start importing Assets/Fonts using Guid(8f8228d00f5eae242ad3d8e39c0b8732) Importer(815301076,1909f56bfc062723c751e8b465ee728b)  -> (artifact id: 'b811a0ee4cdcfada972c7989cdeff35f') in 0.008617 seconds 
  Import took 0.012777 seconds .

========================================================================
Received Import Request.
  Time since last request: 105.365451 seconds.
  path: Assets/Fonts/University SDF 1.asset
  artifactKey: Guid(63f88cecb72bdd94f86b5d4281e5aaaa) Importer(815301076,1909f56bfc062723c751e8b465ee728b)
Start importing Assets/Fonts/University SDF 1.asset using Guid(63f88cecb72bdd94f86b5d4281e5aaaa) Importer(815301076,1909f56bfc062723c751e8b465ee728b)  -> (artifact id: 'eb7e363f64eeac51a92d7022c928b898') in 0.075858 seconds 
  Import took 0.079290 seconds .

========================================================================
Received Prepare
Registering precompiled user dll's ...
Registered in 0.003254 seconds.
ASSEMBLY OVERRIDES: * override found for Unity assembly UnityEngine.UIElementsModule.dll (override path Library/ScriptAssemblies/UnityEngine.UIElementsModule.dll)
ASSEMBLY OVERRIDES: * override found for Unity assembly UnityEditor.UIElementsModule.dll (override path Library/ScriptAssemblies/UnityEditor.UIElementsModule.dll)
ASSEMBLY OVERRIDES: * override found for Unity assembly UnityEngine.UIElementsModule.dll (override path Library/ScriptAssemblies/UnityEngine.UIElementsModule.dll)
ASSEMBLY OVERRIDES: * override found for Unity assembly UnityEditor.UIElementsModule.dll (override path Library/ScriptAssemblies/UnityEditor.UIElementsModule.dll)
Begin MonoManager ReloadAssembly
ASSEMBLY OVERRIDES: * override found for Unity assembly UnityEngine.UIElementsModule.dll (override path Library/ScriptAssemblies/UnityEngine.UIElementsModule.dll)
ASSEMBLY OVERRIDES: * override found for Unity assembly UnityEditor.UIElementsModule.dll (override path Library/ScriptAssemblies/UnityEditor.UIElementsModule.dll)
Symbol file LoadedFromMemory is not a mono symbol file
Native extension for WindowsStandalone target not found
Refreshing native plugins compatible for Editor in 0.58 ms, found 2 plugins.
Preloading 0 native plugins for Editor in 0.00 ms.
ASSEMBLY OVERRIDES: * override found for Unity assembly UnityEngine.UIElementsModule.dll (override path Library/ScriptAssemblies/UnityEngine.UIElementsModule.dll)
ASSEMBLY OVERRIDES: * override found for Unity assembly UnityEditor.UIElementsModule.dll (override path Library/ScriptAssemblies/UnityEditor.UIElementsModule.dll)
ASSEMBLY OVERRIDES: * override found for Unity assembly UnityEngine.UIElementsModule.dll (override path Library/ScriptAssemblies/UnityEngine.UIElementsModule.dll)
ASSEMBLY OVERRIDES: * override found for Unity assembly UnityEditor.UIElementsModule.dll (override path Library/ScriptAssemblies/UnityEditor.UIElementsModule.dll)
Mono: successfully reloaded assembly
- Completed reload, in  0.962 seconds
Domain Reload Profiling:
	ReloadAssembly (963ms)
		BeginReloadAssembly (97ms)
			ExecutionOrderSort (0ms)
			DisableScriptedObjects (4ms)
			BackupInstance (0ms)
			ReleaseScriptingObjects (0ms)
			CreateAndSetChildDomain (32ms)
		EndReloadAssembly (810ms)
			LoadAssemblies (76ms)
			RebuildTransferFunctionScriptingTraits (0ms)
			SetupTypeCache (264ms)
			ReleaseScriptCaches (1ms)
			RebuildScriptCaches (44ms)
			SetupLoadedEditorAssemblies (336ms)
				LogAssemblyErrors (0ms)
				InitializePlatformSupportModulesInManaged (5ms)
				SetLoadedEditorAssemblies (0ms)
				RefreshPlugins (1ms)
				BeforeProcessingInitializeOnLoad (92ms)
				ProcessInitializeOnLoadAttributes (191ms)
				ProcessInitializeOnLoadMethodAttributes (41ms)
				AfterProcessingInitializeOnLoad (6ms)
				EditorAssembliesLoaded (0ms)
			ExecutionOrderSort2 (0ms)
			AwakeInstancesAfterBackupRestoration (7ms)
Platform modules already initialized, skipping
Refreshing native plugins compatible for Editor in 0.63 ms, found 2 plugins.
Preloading 0 native plugins for Editor in 0.00 ms.
Unloading 2275 Unused Serialized files (Serialized files now loaded: 0)
System memory in use before: 101.9 MB.
System memory in use after: 102.1 MB.

Unloading 105 unused Assets to reduce memory usage. Loaded Objects now: 2718.
Total: 3.556600 ms (FindLiveObjects: 0.232300 ms CreateObjectMapping: 0.089800 ms MarkObjects: 2.807900 ms  DeleteObjects: 0.425600 ms)

AssetImportParameters requested are different than current active one (requested -> active):
  custom:framework-win-MediaFoundation: 216162199b28c13a410421893ffa2e32 -> 
  custom:video-decoder-ogg-theora: a1e56fd34408186e4bbccfd4996cb3dc -> 
  custom:container-muxer-webm: aa71ff27fc2769a1b78a27578f13a17b -> 
  custom:container-demuxer-webm: 4f35f7cbe854078d1ac9338744f61a02 -> 
  custom:container-demuxer-ogg: 62fdf1f143b41e24485cea50d1cbac27 -> 
  custom:video-encoder-webm-vp8: eb34c28f22e8b96e1ab97ce403110664 -> 
  custom:video-decoder-webm-vp8: 9c59270c3fd7afecdb556c50c9e8de78 -> 
  custom:audio-decoder-ogg-vorbis: bf7c407c2cedff20999df2af8eb42d56 -> 
  custom:audio-encoder-webm-vorbis: bf7c407c2cedff20999df2af8eb42d56 -> 
========================================================================
Received Prepare
Registering precompiled user dll's ...
Registered in 0.003315 seconds.
ASSEMBLY OVERRIDES: * override found for Unity assembly UnityEngine.UIElementsModule.dll (override path Library/ScriptAssemblies/UnityEngine.UIElementsModule.dll)
ASSEMBLY OVERRIDES: * override found for Unity assembly UnityEditor.UIElementsModule.dll (override path Library/ScriptAssemblies/UnityEditor.UIElementsModule.dll)
ASSEMBLY OVERRIDES: * override found for Unity assembly UnityEngine.UIElementsModule.dll (override path Library/ScriptAssemblies/UnityEngine.UIElementsModule.dll)
ASSEMBLY OVERRIDES: * override found for Unity assembly UnityEditor.UIElementsModule.dll (override path Library/ScriptAssemblies/UnityEditor.UIElementsModule.dll)
Begin MonoManager ReloadAssembly
ASSEMBLY OVERRIDES: * override found for Unity assembly UnityEngine.UIElementsModule.dll (override path Library/ScriptAssemblies/UnityEngine.UIElementsModule.dll)
ASSEMBLY OVERRIDES: * override found for Unity assembly UnityEditor.UIElementsModule.dll (override path Library/ScriptAssemblies/UnityEditor.UIElementsModule.dll)
Symbol file LoadedFromMemory is not a mono symbol file
Native extension for WindowsStandalone target not found
Refreshing native plugins compatible for Editor in 0.59 ms, found 2 plugins.
Preloading 0 native plugins for Editor in 0.00 ms.
ASSEMBLY OVERRIDES: * override found for Unity assembly UnityEngine.UIElementsModule.dll (override path Library/ScriptAssemblies/UnityEngine.UIElementsModule.dll)
ASSEMBLY OVERRIDES: * override found for Unity assembly UnityEditor.UIElementsModule.dll (override path Library/ScriptAssemblies/UnityEditor.UIElementsModule.dll)
ASSEMBLY OVERRIDES: * override found for Unity assembly UnityEngine.UIElementsModule.dll (override path Library/ScriptAssemblies/UnityEngine.UIElementsModule.dll)
ASSEMBLY OVERRIDES: * override found for Unity assembly UnityEditor.UIElementsModule.dll (override path Library/ScriptAssemblies/UnityEditor.UIElementsModule.dll)
Mono: successfully reloaded assembly
- Completed reload, in  0.969 seconds
Domain Reload Profiling:
	ReloadAssembly (969ms)
		BeginReloadAssembly (94ms)
			ExecutionOrderSort (0ms)
			DisableScriptedObjects (4ms)
			BackupInstance (0ms)
			ReleaseScriptingObjects (0ms)
			CreateAndSetChildDomain (31ms)
		EndReloadAssembly (818ms)
			LoadAssemblies (73ms)
			RebuildTransferFunctionScriptingTraits (0ms)
			SetupTypeCache (265ms)
			ReleaseScriptCaches (1ms)
			RebuildScriptCaches (43ms)
			SetupLoadedEditorAssemblies (344ms)
				LogAssemblyErrors (0ms)
				InitializePlatformSupportModulesInManaged (5ms)
				SetLoadedEditorAssemblies (0ms)
				RefreshPlugins (1ms)
				BeforeProcessingInitializeOnLoad (88ms)
				ProcessInitializeOnLoadAttributes (199ms)
				ProcessInitializeOnLoadMethodAttributes (43ms)
				AfterProcessingInitializeOnLoad (7ms)
				EditorAssembliesLoaded (0ms)
			ExecutionOrderSort2 (0ms)
			AwakeInstancesAfterBackupRestoration (6ms)
Platform modules already initialized, skipping
Refreshing native plugins compatible for Editor in 0.62 ms, found 2 plugins.
Preloading 0 native plugins for Editor in 0.00 ms.
Unloading 2275 Unused Serialized files (Serialized files now loaded: 0)
System memory in use before: 101.9 MB.
System memory in use after: 102.1 MB.

Unloading 105 unused Assets to reduce memory usage. Loaded Objects now: 2720.
Total: 3.584400 ms (FindLiveObjects: 0.264300 ms CreateObjectMapping: 0.110500 ms MarkObjects: 2.775600 ms  DeleteObjects: 0.433000 ms)

AssetImportParameters requested are different than current active one (requested -> active):
  custom:framework-win-MediaFoundation: 216162199b28c13a410421893ffa2e32 -> 
  custom:video-decoder-ogg-theora: a1e56fd34408186e4bbccfd4996cb3dc -> 
  custom:container-muxer-webm: aa71ff27fc2769a1b78a27578f13a17b -> 
  custom:container-demuxer-webm: 4f35f7cbe854078d1ac9338744f61a02 -> 
  custom:container-demuxer-ogg: 62fdf1f143b41e24485cea50d1cbac27 -> 
  custom:video-encoder-webm-vp8: eb34c28f22e8b96e1ab97ce403110664 -> 
  custom:video-decoder-webm-vp8: 9c59270c3fd7afecdb556c50c9e8de78 -> 
  custom:audio-decoder-ogg-vorbis: bf7c407c2cedff20999df2af8eb42d56 -> 
  custom:audio-encoder-webm-vorbis: bf7c407c2cedff20999df2af8eb42d56 -> 
========================================================================
Received Import Request.
  Time since last request: 215.594328 seconds.
  path: Assets/UI Toolkit/PanelSettings.asset
  artifactKey: Guid(c8f7dff26b7183444b91859cbcfb4038) Importer(815301076,1909f56bfc062723c751e8b465ee728b)
Start importing Assets/UI Toolkit/PanelSettings.asset using Guid(c8f7dff26b7183444b91859cbcfb4038) Importer(815301076,1909f56bfc062723c751e8b465ee728b)  -> (artifact id: '7f80f36ab41a84945401319e35ddde92') in 0.024799 seconds 
  Import took 0.028814 seconds .

AssetImportWorkerClient::OnTransportError - code=2 error=End of file
